;;; 
Export: Release 12.1.0.2.0 - Production on Mon Apr 4 17:49:46 2022

Copyright (c) 1982, 2014, Oracle and/or its affiliates.  All rights reserved.
;;; 
Connected to: Oracle Database 12c Enterprise Edition Release 12.1.0.2.0 - 64bit Production
With the Partitioning, OLAP, Advanced Analytics and Real Application Testing options
Starting "VTF"."SYS_EXPORT_SCHEMA_02":  vtf/********@orcl DIRECTORY=data_pump_dir DUMPFILE=vtf040422.dmp LOGFILE=vtf.log 
Estimate in progress using BLOCKS method...
Processing object type SCHEMA_EXPORT/TABLE/TABLE_DATA
Total estimation using BLOCKS method: 2.993 GB
Processing object type SCHEMA_EXPORT/USER
Processing object type SCHEMA_EXPORT/SYSTEM_GRANT
Processing object type SCHEMA_EXPORT/ROLE_GRANT
Processing object type SCHEMA_EXPORT/DEFAULT_ROLE
Processing object type SCHEMA_EXPORT/TABLESPACE_QUOTA
Processing object type SCHEMA_EXPORT/PRE_SCHEMA/PROCACT_SCHEMA
Processing object type SCHEMA_EXPORT/DB_LINK
Processing object type SCHEMA_EXPORT/SYNONYM/SYNONYM
Processing object type SCHEMA_EXPORT/SEQUENCE/SEQUENCE
Processing object type SCHEMA_EXPORT/TABLE/TABLE
Processing object type SCHEMA_EXPORT/TABLE/COMMENT
Processing object type SCHEMA_EXPORT/TABLE/AUDIT_OBJ
Processing object type SCHEMA_EXPORT/PACKAGE/PACKAGE_SPEC
Processing object type SCHEMA_EXPORT/FUNCTION/FUNCTION
Processing object type SCHEMA_EXPORT/PROCEDURE/PROCEDURE
Processing object type SCHEMA_EXPORT/PACKAGE/COMPILE_PACKAGE/PACKAGE_SPEC/ALTER_PACKAGE_SPEC
Processing object type SCHEMA_EXPORT/FUNCTION/ALTER_FUNCTION
Processing object type SCHEMA_EXPORT/PROCEDURE/ALTER_PROCEDURE
Processing object type SCHEMA_EXPORT/VIEW/VIEW
Processing object type SCHEMA_EXPORT/PACKAGE/PACKAGE_BODY
Processing object type SCHEMA_EXPORT/TABLE/INDEX/INDEX
Processing object type SCHEMA_EXPORT/TABLE/CONSTRAINT/CONSTRAINT
Processing object type SCHEMA_EXPORT/TABLE/INDEX/STATISTICS/INDEX_STATISTICS
Processing object type SCHEMA_EXPORT/TABLE/STATISTICS/TABLE_STATISTICS
Processing object type SCHEMA_EXPORT/STATISTICS/MARKER
. . exported "VTF"."TFTRAN003"                           604.1 KB    4443 rows
. . exported "VTF"."TFTRAN006"                           22.27 KB      59 rows
. . exported "VTF"."TFTRAN002"                           946.0 KB    4443 rows
. . exported "VTF"."OUTSTANDING_WITH_HISTORY"            109.2 MB  298570 rows
. . exported "VTF"."TFSTAGING006_CORO_ARC"               84.73 MB  318296 rows
. . exported "VTF"."TFTRAN021"                           71.60 KB      32 rows
. . exported "VTF"."TFSYSTEM990B"                        34.90 MB  184604 rows
. . exported "VTF"."TFTRAN073"                               0 KB       0 rows
. . exported "VTF"."TFSYSTEM990C"                            0 KB       0 rows
. . exported "VTF"."TFTRAN071"                               0 KB       0 rows
. . exported "VTF"."TFTRAN023"                           200.8 KB     327 rows
. . exported "VTF"."OUTSTANDING_WITH_HISTORY_Y_EOD"      32.45 MB   80765 rows
. . exported "VTF"."TFTRAN001"                           622.5 KB    1874 rows
. . exported "VTF"."TFTRAN022"                           31.39 KB       4 rows
. . exported "VTF"."TFTRAN005"                           32.76 KB      59 rows
. . exported "VTF"."TFTRAN101"                           18.80 MB      33 rows
. . exported "VTF"."MASTER212"                           15.41 MB   94176 rows
. . exported "VTF"."MASTER2121"                          15.74 MB   98526 rows
. . exported "VTF"."TFSYSTEM910T"                        154.9 KB     662 rows
. . exported "VTF"."TFSYSTEM990_DETAIL"                  16.47 MB  383775 rows
. . exported "VTF"."SYS_EXPORT_SCHEMA_01"                11.75 MB    4313 rows
. . exported "VTF"."TFSTAGING005_POITEM_ARC"             15.39 MB   63289 rows
. . exported "VTF"."TFTRAN051"                           138.1 KB     489 rows
. . exported "VTF"."TFTRAN043"                           74.75 KB     374 rows
. . exported "VTF"."MASTER2171"                          9.748 MB   48378 rows
. . exported "VTF"."TFTRAN038"                           361.9 KB    1885 rows
. . exported "VTF"."TFTRAN026"                               0 KB       0 rows
. . exported "VTF"."TFSYSTEM912_TEMP"                    4.544 MB   23335 rows
. . exported "VTF"."TFTRAN025"                           31.85 KB       8 rows
. . exported "VTF"."TFTRAN052"                           11.26 KB       9 rows
. . exported "VTF"."TFTRAN074"                               0 KB       0 rows
. . exported "VTF"."VENDOR_IN11"                             0 KB       0 rows
. . exported "VTF"."TFSTAGING006_CORO"                   5.698 MB   28946 rows
. . exported "VTF"."TFSTAGING913_PINVOICE"               5.099 MB   14795 rows
. . exported "VTF"."TFTRAN024"                           13.83 KB       1 rows
. . exported "VTF"."TFSTAGING004_CORO"                   4.653 MB   18208 rows
. . exported "VTF"."TFSTAGING004_CORO_EXC"               4.651 MB   18200 rows
. . exported "VTF"."TFSYSTEM003"                         1.617 MB    1193 rows
. . exported "VTF"."TFTRAN042A"                              0 KB       0 rows
. . exported "VTF"."MATERIAL_DESC"                       4.149 MB   53511 rows
. . exported "VTF"."PI_DATA"                             3.427 MB   28971 rows
. . exported "VTF"."TFTRAN044"                               0 KB       0 rows
. . exported "VTF"."TFTRAN061"                               0 KB       0 rows
. . exported "VTF"."TFREPORT001"                             0 KB       0 rows
. . exported "VTF"."TFSTAGING909"                        3.260 MB   17610 rows
. . exported "VTF"."TFSTAGING911"                        2.844 MB    8052 rows
. . exported "VTF"."TFSYSTEM006"                         1.366 MB   13561 rows
. . exported "VTF"."TFTRAN022C"                          7.031 KB       3 rows
. . exported "VTF"."TFTRAN022E"                              0 KB       0 rows
. . exported "VTF"."TFTRAN029"                           36.90 KB       4 rows
. . exported "VTF"."TFTRAN037"                           385.3 KB    1885 rows
. . exported "VTF"."TFTRAN053"                           346.1 KB    1804 rows
. . exported "VTF"."TFTRAN072A"                              0 KB       0 rows
. . exported "VTF"."TFSTAGING005_POHEADER_ARC"           2.441 MB    6419 rows
. . exported "VTF"."TFSTAGING013_CORO_ARC"               2.456 MB   12707 rows
. . exported "VTF"."TFSTAGING020_JOBMASTER_ARC"          1.771 MB   22443 rows
. . exported "VTF"."TFSYSTEM010"                         44.83 KB     124 rows
. . exported "VTF"."TFSYSTEM113"                         663.0 KB     953 rows
. . exported "VTF"."TFSYSTEM123"                         1.224 MB    1375 rows
. . exported "VTF"."TFSYSTEM990"                         2.162 MB   10298 rows
. . exported "VTF"."TFSYSTEM990F"                            0 KB       0 rows
. . exported "VTF"."TFTRAN022A"                          17.70 KB       1 rows
. . exported "VTF"."TFTRAN060"                               0 KB       0 rows
. . exported "VTF"."TFTRAN075"                               0 KB       0 rows
. . exported "VTF"."TFTRAN077"                               0 KB       0 rows
. . exported "VTF"."TFTRAN082A"                              0 KB       0 rows
. . exported "VTF"."CUSTOMER_MASTER_052017"              1.524 MB   11435 rows
. . exported "VTF"."CUSTUPDATE"                              0 KB       0 rows
. . exported "VTF"."MASTER208"                           102.3 KB     770 rows
. . exported "VTF"."PO_DATA"                             24.75 KB      57 rows
. . exported "VTF"."TFMASTER001"                         696.6 KB    6367 rows
. . exported "VTF"."TFMASTER103"                         48.25 KB      51 rows
. . exported "VTF"."TFMASTER201"                         18.32 KB      13 rows
. . exported "VTF"."TFMASTER202"                             0 KB       0 rows
. . exported "VTF"."TFMASTER203"                         26.51 KB     242 rows
. . exported "VTF"."TFMASTER204"                         15.67 KB       5 rows
. . exported "VTF"."TFMASTER205"                         29.86 KB      27 rows
. . exported "VTF"."TFMASTER207"                         20.55 KB       5 rows
. . exported "VTF"."TFMASTER208"                         228.9 KB     640 rows
. . exported "VTF"."TFMASTER209"                         13.78 KB       3 rows
. . exported "VTF"."TFMASTER210"                         15.82 KB       1 rows
. . exported "VTF"."TFMASTER211"                             0 KB       0 rows
. . exported "VTF"."TFMASTER212"                         111.2 KB     510 rows
. . exported "VTF"."TFMASTER214"                         163.5 KB    1571 rows
. . exported "VTF"."TFMASTER215"                         15.31 KB       5 rows
. . exported "VTF"."TFMASTER216"                             0 KB       0 rows
. . exported "VTF"."TFMASTER217"                         187.1 KB     638 rows
. . exported "VTF"."TFMASTER222"                         86.78 KB     587 rows
. . exported "VTF"."TFMASTER223"                         17.59 KB       5 rows
. . exported "VTF"."TFMASTER225"                         12.48 KB       3 rows
. . exported "VTF"."TFMASTER226"                         59.73 KB      40 rows
. . exported "VTF"."TFMASTER226A"                        48.07 KB     116 rows
. . exported "VTF"."TFMASTER227"                             0 KB       0 rows
. . exported "VTF"."TFMASTER228"                             0 KB       0 rows
. . exported "VTF"."TFMASTER232"                             0 KB       0 rows
. . exported "VTF"."TFMASTER242"                         11.45 KB       2 rows
. . exported "VTF"."TFMASTER248"                          15.5 KB      62 rows
. . exported "VTF"."TFMASTER253"                         21.28 KB      22 rows
. . exported "VTF"."TFMASTER254"                         16.60 KB       1 rows
. . exported "VTF"."TFMASTER259"                         28.12 KB      65 rows
. . exported "VTF"."TFMASTER260"                         17.16 KB       9 rows
. . exported "VTF"."TFMASTER263"                         14.03 KB       8 rows
. . exported "VTF"."TFMASTER264"                         9.414 KB       2 rows
. . exported "VTF"."TFMASTER267"                         85.81 KB     172 rows
. . exported "VTF"."TFMASTER271"                         44.60 KB      84 rows
. . exported "VTF"."TFMASTER272"                         19.46 KB      14 rows
. . exported "VTF"."TFMASTER326"                         12.25 KB       2 rows
. . exported "VTF"."TFMASTER407"                         15.35 KB       3 rows
. . exported "VTF"."TFMASTER408"                         1.443 MB   16093 rows
. . exported "VTF"."TFSTAGING002_COROOLD"                1.288 MB    4441 rows
. . exported "VTF"."TFSTAGING013_CORO_EXC"               1.007 MB    4000 rows
. . exported "VTF"."TFSTAGING902_UPDATE"                 1.468 MB    9652 rows
. . exported "VTF"."TFSTAGING908"                        1.557 MB    4537 rows
. . exported "VTF"."TFSYS22_2104"                        19.30 KB      12 rows
. . exported "VTF"."TFSYS23_2104"                        15.39 KB      14 rows
. . exported "VTF"."TFSYS6_130416"                       153.8 KB     334 rows
. . exported "VTF"."TFSYSTEM001"                         10.31 KB       8 rows
. . exported "VTF"."TFSYSTEM002"                         363.8 KB    1598 rows
. . exported "VTF"."TFSYSTEM004"                             0 KB       0 rows
. . exported "VTF"."TFSYSTEM005"                         435.5 KB    1497 rows
. . exported "VTF"."TFSYSTEM006A"                        11.89 KB       7 rows
. . exported "VTF"."TFSYSTEM006B"                        11.19 KB       8 rows
. . exported "VTF"."TFSYSTEM007"                         14.44 KB      88 rows
. . exported "VTF"."TFSYSTEM008"                         158.2 KB    3083 rows
. . exported "VTF"."TFSYSTEM009"                         364.6 KB    3999 rows
. . exported "VTF"."TFSYSTEM011"                         19.33 KB       7 rows
. . exported "VTF"."TFSYSTEM012"                         123.7 KB     227 rows
. . exported "VTF"."TFSYSTEM012A"                        13.90 KB       3 rows
. . exported "VTF"."TFSYSTEM013A"                        13.43 KB       1 rows
. . exported "VTF"."TFSYSTEM014"                         15.91 KB      11 rows
. . exported "VTF"."TFSYSTEM016"                         54.30 KB     140 rows
. . exported "VTF"."TFSYSTEM017"                         11.57 KB      29 rows
. . exported "VTF"."TFSYSTEM021"                         38.06 KB      23 rows
. . exported "VTF"."TFSYSTEM022"                         38.67 KB      55 rows
. . exported "VTF"."TFSYSTEM022B"                        39.97 KB     255 rows
. . exported "VTF"."TFSYSTEM023"                         41.83 KB      66 rows
. . exported "VTF"."TFSYSTEM024"                         892.9 KB   15661 rows
. . exported "VTF"."TFSYSTEM027"                         76.91 KB     213 rows
. . exported "VTF"."TFSYSTEM1000"                        314.6 KB     318 rows
. . exported "VTF"."TFSYSTEM100_REPORTGEN"               985.1 KB     272 rows
. . exported "VTF"."TFSYSTEM101"                         21.03 KB       8 rows
. . exported "VTF"."TFSYSTEM102"                         165.5 KB     224 rows
. . exported "VTF"."TFSYSTEM103"                         74.78 KB      67 rows
. . exported "VTF"."TFSYSTEM104"                         20.91 KB       6 rows
. . exported "VTF"."TFSYSTEM105"                             0 KB       0 rows
. . exported "VTF"."TFSYSTEM106"                         236.7 KB     214 rows
. . exported "VTF"."TFSYSTEM107"                         117.7 KB      98 rows
. . exported "VTF"."TFSYSTEM108"                         17.68 KB      10 rows
. . exported "VTF"."TFSYSTEM109"                         202.6 KB     185 rows
. . exported "VTF"."TFSYSTEM110"                         12.88 KB       3 rows
. . exported "VTF"."TFSYSTEM111"                         384.8 KB     494 rows
. . exported "VTF"."TFSYSTEM112"                         215.0 KB     256 rows
. . exported "VTF"."TFSYSTEM114"                             0 KB       0 rows
. . exported "VTF"."TFSYSTEM115"                             0 KB       0 rows
. . exported "VTF"."TFSYSTEM117"                         36.39 KB       4 rows
. . exported "VTF"."TFSYSTEM118"                         153.5 KB     187 rows
. . exported "VTF"."TFSYSTEM119"                         656.3 KB     888 rows
. . exported "VTF"."TFSYSTEM120"                         175.9 KB     120 rows
. . exported "VTF"."TFSYSTEM121"                         306.7 KB     310 rows
. . exported "VTF"."TFSYSTEM122"                         43.67 KB      24 rows
. . exported "VTF"."TFSYSTEM124"                         275.0 KB     408 rows
. . exported "VTF"."TFSYSTEM125"                         19.12 KB       4 rows
. . exported "VTF"."TFSYSTEM126"                         21.10 KB       4 rows
. . exported "VTF"."TFSYSTEM127"                         34.47 KB       6 rows
. . exported "VTF"."TFSYSTEM128"                         41.21 KB      24 rows
. . exported "VTF"."TFSYSTEM129"                             0 KB       0 rows
. . exported "VTF"."TFSYSTEM130"                         51.64 KB      20 rows
. . exported "VTF"."TFSYSTEM131"                             0 KB       0 rows
. . exported "VTF"."TFSYSTEM132"                             0 KB       0 rows
. . exported "VTF"."TFSYSTEM133"                             0 KB       0 rows
. . exported "VTF"."TFSYSTEM134"                         76.72 KB      24 rows
. . exported "VTF"."TFSYSTEM135"                         22.54 KB       2 rows
. . exported "VTF"."TFSYSTEM901C"                        23.34 KB     520 rows
. . exported "VTF"."TFSYSTEM912"                         956.5 KB    4486 rows
. . exported "VTF"."TFSYSTEM968B"                        10.99 KB       8 rows
. . exported "VTF"."TFSYSTEM989"                         47.25 KB     443 rows
. . exported "VTF"."TFSYSTEM990E"                            0 KB       0 rows
. . exported "VTF"."TFSYSTEM990E_PREN"                   11.71 KB       3 rows
. . exported "VTF"."TFSYSTEM999"                         1.007 MB   10132 rows
. . exported "VTF"."TFTEMP028A"                          13.33 KB       2 rows
. . exported "VTF"."TFTRAN004"                               0 KB       0 rows
. . exported "VTF"."TFTRAN007"                           56.29 KB       8 rows
. . exported "VTF"."TFTRAN007B"                              0 KB       0 rows
. . exported "VTF"."TFTRAN008"                               0 KB       0 rows
. . exported "VTF"."TFTRAN009"                               0 KB       0 rows
. . exported "VTF"."TFTRAN010"                           277.2 KB    1856 rows
. . exported "VTF"."TFTRAN010A"                              0 KB       0 rows
. . exported "VTF"."TFTRAN010C_BILLOFENTRY"                  0 KB       0 rows
. . exported "VTF"."TFTRAN010G_SHIPPINGDETAILS"          18.19 KB       8 rows
. . exported "VTF"."TFTRAN010H_COMPLAINCES"              12.38 KB       5 rows
. . exported "VTF"."TFTRAN011"                               0 KB       0 rows
. . exported "VTF"."TFTRAN015"                           49.06 KB      41 rows
. . exported "VTF"."TFTRAN015B"                          42.60 KB      26 rows
. . exported "VTF"."TFTRAN015D"                          25.64 KB      40 rows
. . exported "VTF"."TFTRAN015D_AUDIT"                    25.09 KB      37 rows
. . exported "VTF"."TFTRAN015E_AUDIT"                    18.92 KB      63 rows
. . exported "VTF"."TFTRAN015G_BUDGET"                   13.64 KB      15 rows
. . exported "VTF"."TFTRAN015I"                          13.98 KB      10 rows
. . exported "VTF"."TFTRAN015J"                          19.97 KB       9 rows
. . exported "VTF"."TFTRAN015JA"                         25.03 KB      20 rows
. . exported "VTF"."TFTRAN016"                               0 KB       0 rows
. . exported "VTF"."TFTRAN017"                               0 KB       0 rows
. . exported "VTF"."TFTRAN018"                               0 KB       0 rows
. . exported "VTF"."TFTRAN019"                               0 KB       0 rows
. . exported "VTF"."TFTRAN021A"                              0 KB       0 rows
. . exported "VTF"."TFTRAN021B"                              0 KB       0 rows
. . exported "VTF"."TFTRAN022B"                              0 KB       0 rows
. . exported "VTF"."TFTRAN022D"                          18.90 KB       1 rows
. . exported "VTF"."TFTRAN025A"                              0 KB       0 rows
. . exported "VTF"."TFTRAN027"                               0 KB       0 rows
. . exported "VTF"."TFTRAN028"                           11.57 KB       1 rows
. . exported "VTF"."TFTRAN028A"                          13.50 KB       3 rows
. . exported "VTF"."TFTRAN028B"                          9.093 KB       2 rows
. . exported "VTF"."TFTRAN028C"                          16.49 KB       4 rows
. . exported "VTF"."TFTRAN028G"                          36.22 KB       8 rows
. . exported "VTF"."TFTRAN029A"                          14.25 KB       1 rows
. . exported "VTF"."TFTRAN031"                               0 KB       0 rows
. . exported "VTF"."TFTRAN031A"                          31.78 KB       7 rows
. . exported "VTF"."TFTRAN031B"                              0 KB       0 rows
. . exported "VTF"."TFTRAN032"                               0 KB       0 rows
. . exported "VTF"."TFTRAN033"                               0 KB       0 rows
. . exported "VTF"."TFTRAN034"                               0 KB       0 rows
. . exported "VTF"."TFTRAN035"                               0 KB       0 rows
. . exported "VTF"."TFTRAN036"                               0 KB       0 rows
. . exported "VTF"."TFTRAN037A"                              0 KB       0 rows
. . exported "VTF"."TFTRAN039"                           245.9 KB     320 rows
. . exported "VTF"."TFTRAN039A"                              0 KB       0 rows
. . exported "VTF"."TFTRAN039B"                              0 KB       0 rows
. . exported "VTF"."TFTRAN039C"                          37.85 KB     295 rows
. . exported "VTF"."TFTRAN040"                               0 KB       0 rows
. . exported "VTF"."TFTRAN041"                           46.46 KB       1 rows
. . exported "VTF"."TFTRAN041B"                          12.40 KB       1 rows
. . exported "VTF"."TFTRAN042"                           178.9 KB     374 rows
. . exported "VTF"."TFTRAN042D"                          220.5 KB     678 rows
. . exported "VTF"."TFTRAN042F_DO"                           0 KB       0 rows
. . exported "VTF"."TFTRAN042G"                              0 KB       0 rows
. . exported "VTF"."TFTRAN043A"                          16.97 KB       2 rows
. . exported "VTF"."TFTRAN043_VEND"                          0 KB       0 rows
. . exported "VTF"."TFTRAN045"                           198.4 KB     488 rows
. . exported "VTF"."TFTRAN045A"                              0 KB       0 rows
. . exported "VTF"."TFTRAN046"                           35.25 KB       2 rows
. . exported "VTF"."TFTRAN046B"                          14.35 KB      16 rows
. . exported "VTF"."TFTRAN047"                               0 KB       0 rows
. . exported "VTF"."TFTRAN048"                               0 KB       0 rows
. . exported "VTF"."TFTRAN051A"                          25.14 KB      47 rows
. . exported "VTF"."TFTRAN051B"                          9.781 KB       3 rows
. . exported "VTF"."TFTRAN051D"                          10.28 KB       3 rows
. . exported "VTF"."TFTRAN053A"                              0 KB       0 rows
. . exported "VTF"."TFTRAN053FF"                             0 KB       0 rows
. . exported "VTF"."TFTRAN053FFF"                        74.86 KB     479 rows
. . exported "VTF"."TFTRAN053G"                          31.76 KB       1 rows
. . exported "VTF"."TFTRAN053J"                              0 KB       0 rows
. . exported "VTF"."TFTRAN054"                               0 KB       0 rows
. . exported "VTF"."TFTRAN055"                           17.96 KB       2 rows
. . exported "VTF"."TFTRAN056"                           9.609 KB       3 rows
. . exported "VTF"."TFTRAN057"                           559.3 KB     935 rows
. . exported "VTF"."TFTRAN057A"                              0 KB       0 rows
. . exported "VTF"."TFTRAN057B"                              0 KB       0 rows
. . exported "VTF"."TFTRAN057C"                              0 KB       0 rows
. . exported "VTF"."TFTRAN057D"                              0 KB       0 rows
. . exported "VTF"."TFTRAN057E"                          14.03 KB       3 rows
. . exported "VTF"."TFTRAN057F"                          15.53 KB       1 rows
. . exported "VTF"."TFTRAN058"                               0 KB       0 rows
. . exported "VTF"."TFTRAN058A"                              0 KB       0 rows
. . exported "VTF"."TFTRAN059"                               0 KB       0 rows
. . exported "VTF"."TFTRAN062"                           14.80 KB       2 rows
. . exported "VTF"."TFTRAN063"                           13.46 KB       6 rows
. . exported "VTF"."TFTRAN063A"                          16.21 KB      17 rows
. . exported "VTF"."TFTRAN071B"                              0 KB       0 rows
. . exported "VTF"."TFTRAN071E"                              0 KB       0 rows
. . exported "VTF"."TFTRAN072"                               0 KB       0 rows
. . exported "VTF"."TFTRAN076"                               0 KB       0 rows
. . exported "VTF"."TFTRAN081"                           53.40 KB      59 rows
. . exported "VTF"."TFTRAN081A"                              0 KB       0 rows
. . exported "VTF"."TFTRAN081C"                          35.55 KB      59 rows
. . exported "VTF"."TFTRAN081D"                          10.32 KB       1 rows
. . exported "VTF"."TFTRAN082"                           118.3 KB     343 rows
. . exported "VTF"."TFTRAN083"                           23.75 KB      95 rows
. . exported "VTF"."TFTRAN085"                               0 KB       0 rows
. . exported "VTF"."TFTRAN086"                               0 KB       0 rows
. . exported "VTF"."TFTRAN087"                               0 KB       0 rows
. . exported "VTF"."TFTRAN088"                           18.14 KB       3 rows
. . exported "VTF"."TFTRAN089"                               0 KB       0 rows
. . exported "VTF"."TFTRAN090"                               0 KB       0 rows
. . exported "VTF"."TFTRAN091"                           89.11 KB     136 rows
. . exported "VTF"."TFTRAN091A"                          25.73 KB       1 rows
. . exported "VTF"."TFTRAN092"                           30.93 KB     103 rows
. . exported "VTF"."TFTRAN101A"                          8.882 KB       2 rows
. . exported "VTF"."TFTRAN109"                               0 KB       0 rows
. . exported "VTF"."TFTRAN110"                               0 KB       0 rows
. . exported "VTF"."TFTRAN120"                           16.79 KB       7 rows
. . exported "VTF"."TFTRAN120B"                              0 KB       0 rows
. . exported "VTF"."TFTRAN121"                           71.92 KB      86 rows
. . exported "VTF"."TFTRAN121A"                          23.00 KB      68 rows
. . exported "VTF"."TFTRAN121B"                          33.67 KB     177 rows
. . exported "VTF"."TFTRAN121D"                          56.27 KB      90 rows
. . exported "VTF"."TFTRAN121E"                          9.343 KB       5 rows
. . exported "VTF"."TFTRAN122"                           12.97 KB       2 rows
. . exported "VTF"."TFTRAN122A"                          9.601 KB       2 rows
. . exported "VTF"."TFTRAN122B"                          12.02 KB       2 rows
. . exported "VTF"."TFTRAN150"                               0 KB       0 rows
. . exported "VTF"."TFTRAN150A"                              0 KB       0 rows
. . exported "VTF"."TFTRAN151"                           21.96 KB     149 rows
. . exported "VTF"."TFTRAN152"                               0 KB       0 rows
. . exported "VTF"."TFTRAN153"                               0 KB       0 rows
. . exported "VTF"."TFTRAN154"                               0 KB       0 rows
. . exported "VTF"."TFTRAN156"                           22.56 KB       1 rows
. . exported "VTF"."TFTRAN157"                           17.86 KB      18 rows
. . exported "VTF"."TFTRAN157A"                          13.64 KB       1 rows
. . exported "VTF"."TFTRAN158"                           15.88 KB       7 rows
. . exported "VTF"."TFTRAN158A"                          42.34 KB      60 rows
. . exported "VTF"."TFTRAN159"                               0 KB       0 rows
. . exported "VTF"."TFTRAN48"                                0 KB       0 rows
. . exported "VTF"."TRAN053E_FROM0110"                       0 KB       0 rows
. . exported "VTF"."TRTRAN028D"                              0 KB       0 rows
. . exported "VTF"."A"                                       0 KB       0 rows
. . exported "VTF"."AA"                                      0 KB       0 rows
. . exported "VTF"."ABCD"                                504.2 KB   34021 rows
. . exported "VTF"."ABCD1"                               504.2 KB   34021 rows
. . exported "VTF"."B"                                       0 KB       0 rows
. . exported "VTF"."BANK"                                15.15 KB      17 rows
. . exported "VTF"."BANKLIMITTEMP"                       7.671 KB      24 rows
. . exported "VTF"."BB"                                      0 KB       0 rows
. . exported "VTF"."BC20042017"                          29.21 KB      17 rows
. . exported "VTF"."BUSINESSPLACE"                           0 KB       0 rows
. . exported "VTF"."BUYERSCREDITMIG"                         0 KB       0 rows
. . exported "VTF"."BUYERSCREDIT_MIG"                        0 KB       0 rows
. . exported "VTF"."C"                                       0 KB       0 rows
. . exported "VTF"."CADBILLSCONV"                        9.695 KB      11 rows
. . exported "VTF"."CC"                                      0 KB       0 rows
. . exported "VTF"."DATAUPLOAD"                              0 KB       0 rows
. . exported "VTF"."DOCUPLOAD"                           7.968 KB      19 rows
. . exported "VTF"."DOCUPLOAD1"                          8.328 KB     145 rows
. . exported "VTF"."DOCUPLOAD2"                          9.523 KB     206 rows
. . exported "VTF"."DOWNPAYMENTRQST"                     11.17 KB       1 rows
. . exported "VTF"."FIXEDDEPOSIT"                            0 KB       0 rows
. . exported "VTF"."GLRECEIPTS"                          23.75 KB     193 rows
. . exported "VTF"."GL_MAPP"                             15.99 KB     158 rows
. . exported "VTF"."IBS_AP_INVOICES_EXCEPTION"               0 KB       0 rows
. . exported "VTF"."IBS_AP_PREPAY_EXCEPTION"                 0 KB       0 rows
. . exported "VTF"."IBS_AR_INVOICES_EXCEPTION"               0 KB       0 rows
. . exported "VTF"."IBS_PO_EXCEPTION"                        0 KB       0 rows
. . exported "VTF"."IMPORTLCCONVERT"                         0 KB       0 rows
. . exported "VTF"."IMPORTLCMIG"                             0 KB       0 rows
. . exported "VTF"."IMPORTLC_MIG"                            0 KB       0 rows
. . exported "VTF"."INBOUND"                                 0 KB       0 rows
. . exported "VTF"."INBOUND_EXECEPTION"                   13.5 KB       2 rows
. . exported "VTF"."INVOICETEMP"                             0 KB       0 rows
. . exported "VTF"."INVOICE_LIST"                        32.25 KB     115 rows
. . exported "VTF"."LCBILLSCONVERT"                          0 KB       0 rows
. . exported "VTF"."LETTERTEMP"                          5.984 KB       1 rows
. . exported "VTF"."LOANPCFCYEUROOS"                         0 KB       0 rows
. . exported "VTF"."LOANPCFCYOS"                             0 KB       0 rows
. . exported "VTF"."LOANPCOS"                                0 KB       0 rows
. . exported "VTF"."LOANPSCFCEURO"                           0 KB       0 rows
. . exported "VTF"."LOANPSCFCUSD"                            0 KB       0 rows
. . exported "VTF"."LOANPSL"                                 0 KB       0 rows
. . exported "VTF"."MAP"                                 5.867 KB      21 rows
. . exported "VTF"."MATERIAL_DESC_STAGING"               6.421 KB       1 rows
. . exported "VTF"."MATERIAL_LIST"                       9.078 KB      87 rows
. . exported "VTF"."MISSING_INV"                         10.23 KB       7 rows
. . exported "VTF"."OUTSTANDING_Y_EOD"                   281.4 KB     558 rows
. . exported "VTF"."PACKINGCREDIT_MIG"                   21.05 KB      12 rows
. . exported "VTF"."PATCHIMPORTLC"                       9.984 KB     131 rows
. . exported "VTF"."PAYMENTPROFIILE1"                    10.71 KB      32 rows
. . exported "VTF"."PAYMENT_TERMS"                       39.60 KB     355 rows
. . exported "VTF"."PC_INR"                              18.57 KB      63 rows
. . exported "VTF"."PI_DATA1"                            17.64 KB      15 rows
. . exported "VTF"."PROCESS_COMPLETE"                        0 KB       0 rows
. . exported "VTF"."PSL_LOAN1"                           31.85 KB     140 rows
. . exported "VTF"."PURCHASEORDER22042017"               350.3 KB    2538 rows
. . exported "VTF"."REPORTTEMP"                          8.304 KB      86 rows
. . exported "VTF"."REPORTTEMPEXCEL"                         0 KB       0 rows
. . exported "VTF"."SAP_BANK_DATA"                           0 KB       0 rows
. . exported "VTF"."SAP_CLEAR_DOC"                           0 KB       0 rows
. . exported "VTF"."SAP_F48_ITEM_DATA"                       0 KB       0 rows
. . exported "VTF"."SAP_F53_ITEM_DATA"                       0 KB       0 rows
. . exported "VTF"."SAP_VENDOR_DATA"                         0 KB       0 rows
. . exported "VTF"."SETTLEMENTDETAILS"                       0 KB       0 rows
. . exported "VTF"."SI_DATA"                                 0 KB       0 rows
. . exported "VTF"."SO_DATA"                                 0 KB       0 rows
. . exported "VTF"."SPAYTERM"                            58.71 KB     344 rows
. . exported "VTF"."STAGINGCOMP"                         22.95 KB      51 rows
. . exported "VTF"."SUPPLIERBANKDET"                     30.25 KB     105 rows
. . exported "VTF"."SYSTEM901A_FREIGHT"                      0 KB       0 rows
. . exported "VTF"."SYSTEM901A_FROM0110"                     0 KB       0 rows
. . exported "VTF"."SYSTEM997"                               0 KB       0 rows
. . exported "VTF"."TEMP"                                23.93 KB     658 rows
. . exported "VTF"."TEMP1"                               5.562 KB      11 rows
. . exported "VTF"."TEMP2"                                   0 KB       0 rows
. . exported "VTF"."TEMP4"                                   0 KB       0 rows
. . exported "VTF"."TEMP5"                               9.656 KB      51 rows
. . exported "VTF"."TEMPDEL"                                 0 KB       0 rows
. . exported "VTF"."TEMPHARI"                            5.078 KB       1 rows
. . exported "VTF"."TEMP_F53"                                0 KB       0 rows
. . exported "VTF"."TEMP_TEST"                           5.070 KB       1 rows
. . exported "VTF"."TFMASTER217A"                         9.75 KB       1 rows
. . exported "VTF"."TFMASTER226B"                        9.710 KB       6 rows
. . exported "VTF"."TFMASTER270"                         21.61 KB     210 rows
. . exported "VTF"."TFMASTER354"                         13.64 KB     108 rows
. . exported "VTF"."TFSTAGELC"                           275.1 KB     950 rows
. . exported "VTF"."TFSTAGELC1"                          362.5 KB     950 rows
. . exported "VTF"."TFSTAGELC2"                          65.49 KB     161 rows
. . exported "VTF"."TFSTAGELC3"                          80.20 KB     161 rows
. . exported "VTF"."TFSTAGELC4"                          78.14 KB     161 rows
. . exported "VTF"."TFSTAGEPBD1"                         524.6 KB    2916 rows
. . exported "VTF"."TFSTAGEPBD2"                         638.2 KB    2916 rows
. . exported "VTF"."TFSTAGEPBD3"                         168.7 KB     760 rows
. . exported "VTF"."TFSTAGEPBD4"                         168.0 KB     760 rows
. . exported "VTF"."TFSTAGING001"                        23.60 KB      52 rows
. . exported "VTF"."TFSTAGING001_ARCHIVE"                    0 KB       0 rows
. . exported "VTF"."TFSTAGING001_CORO"                       0 KB       0 rows
. . exported "VTF"."TFSTAGING001_CORO_ARC"                   0 KB       0 rows
. . exported "VTF"."TFSTAGING001_CORO_EXC"                   0 KB       0 rows
. . exported "VTF"."TFSTAGING002"                        10.45 KB       2 rows
. . exported "VTF"."TFSTAGING002_ARCHIVE"                    0 KB       0 rows
. . exported "VTF"."TFSTAGING002_CORO"                   221.6 KB     468 rows
. . exported "VTF"."TFSTAGING002_CORO_ARC"               614.5 KB    1421 rows
. . exported "VTF"."TFSTAGING002_CORO_EXC"               28.78 KB       1 rows
. . exported "VTF"."TFSTAGING003"                        82.65 KB     313 rows
. . exported "VTF"."TFSTAGING003_CORO"                   25.76 KB      27 rows
. . exported "VTF"."TFSTAGING003_CORO_ARC"               66.54 KB     189 rows
. . exported "VTF"."TFSTAGING003_CORO_EXC"                   0 KB       0 rows
. . exported "VTF"."TFSTAGING004"                        98.14 KB     513 rows
. . exported "VTF"."TFSTAGING004_CORO_ARC"                   0 KB       0 rows
. . exported "VTF"."TFSTAGING005"                            0 KB       0 rows
. . exported "VTF"."TFSTAGING005_CORO"                       0 KB       0 rows
. . exported "VTF"."TFSTAGING005_CORO_ARC"                   0 KB       0 rows
. . exported "VTF"."TFSTAGING005_CORO_EXC"                   0 KB       0 rows
. . exported "VTF"."TFSTAGING005_POHEADER"               289.8 KB     997 rows
. . exported "VTF"."TFSTAGING005_POHEADEROLD"            237.5 KB     720 rows
. . exported "VTF"."TFSTAGING005_POHEADER_EXC"           38.50 KB      46 rows
. . exported "VTF"."TFSTAGING005_POITEM"                     0 KB       0 rows
. . exported "VTF"."TFSTAGING005_POITEM_EXC"                 0 KB       0 rows
. . exported "VTF"."TFSTAGING006"                            0 KB       0 rows
. . exported "VTF"."TFSTAGING006_CORO_EXC"               42.29 KB      66 rows
. . exported "VTF"."TFSTAGING007"                        7.726 KB       5 rows
. . exported "VTF"."TFSTAGING007_CORO"                   17.43 KB       8 rows
. . exported "VTF"."TFSTAGING007_CORO_ARC"                   0 KB       0 rows
. . exported "VTF"."TFSTAGING007_CORO_EXC"               17.43 KB       8 rows
. . exported "VTF"."TFSTAGING008"                        11.29 KB     101 rows
. . exported "VTF"."TFSTAGING008_CORO"                       0 KB       0 rows
. . exported "VTF"."TFSTAGING008_CORO_ARC"                   0 KB       0 rows
. . exported "VTF"."TFSTAGING008_CORO_EXC"                   0 KB       0 rows
. . exported "VTF"."TFSTAGING009"                        107.0 KB     675 rows
. . exported "VTF"."TFSTAGING009_CORO"                       0 KB       0 rows
. . exported "VTF"."TFSTAGING009_CORO_ARC"                   0 KB       0 rows
. . exported "VTF"."TFSTAGING009_CORO_EXC"                   0 KB       0 rows
. . exported "VTF"."TFSTAGING010"                        8.601 KB       5 rows
. . exported "VTF"."TFSTAGING010_CORO"                   255.9 KB     956 rows
. . exported "VTF"."TFSTAGING010_CORO_ARC"                   0 KB       0 rows
. . exported "VTF"."TFSTAGING010_CORO_EXC"               255.9 KB     956 rows
. . exported "VTF"."TFSTAGING011"                        99.42 KB     303 rows
. . exported "VTF"."TFSTAGING011_CORO"                   77.89 KB     537 rows
. . exported "VTF"."TFSTAGING011_CORO_ARC"               225.5 KB    1331 rows
. . exported "VTF"."TFSTAGING011_CORO_EXC"               136.5 KB     492 rows
. . exported "VTF"."TFSTAGING012"                        10.45 KB      21 rows
. . exported "VTF"."TFSTAGING012_CORO"                   39.62 KB     178 rows
. . exported "VTF"."TFSTAGING012_CORO_ARC"               70.32 KB     356 rows
. . exported "VTF"."TFSTAGING012_CORO_EXC"               39.63 KB     178 rows
. . exported "VTF"."TFSTAGING013"                        9.039 KB      20 rows
. . exported "VTF"."TFSTAGING013_CORO"                       0 KB       0 rows
. . exported "VTF"."TFSTAGING014"                        12.05 KB      21 rows
. . exported "VTF"."TFSTAGING014_CORO"                       0 KB       0 rows
. . exported "VTF"."TFSTAGING014_CORO_ARC"                   0 KB       0 rows
. . exported "VTF"."TFSTAGING014_CORO_EXC"                   0 KB       0 rows
. . exported "VTF"."TFSTAGING015"                        9.515 KB      21 rows
. . exported "VTF"."TFSTAGING016"                        8.085 KB       4 rows
. . exported "VTF"."TFSTAGING017"                        9.523 KB      19 rows
. . exported "VTF"."TFSTAGING018"                          8.5 KB      14 rows
. . exported "VTF"."TFSTAGING019"                        162.9 KB    1747 rows
. . exported "VTF"."TFSTAGING019_LC"                     36.80 KB       9 rows
. . exported "VTF"."TFSTAGING019_LC_CONDATA"             16.82 KB      91 rows
. . exported "VTF"."TFSTAGING019_LC_DOCDATA"             11.59 KB      42 rows
. . exported "VTF"."TFSTAGING019_LC_POLIST"              5.726 KB       9 rows
. . exported "VTF"."TFSTAGING019_LC_TEXTLINES"           40.28 KB     543 rows
. . exported "VTF"."TFSTAGING020"                        8.593 KB       1 rows
. . exported "VTF"."TFSTAGING020_JOBMASTER"                  0 KB       0 rows
. . exported "VTF"."TFSTAGING020_JOBMASTER_EXC"              0 KB       0 rows
. . exported "VTF"."TFSTAGING021"                        7.281 KB       2 rows
. . exported "VTF"."TFSTAGING021_PROFITCENTER"           46.28 KB     437 rows
. . exported "VTF"."TFSTAGING022"                        7.328 KB       2 rows
. . exported "VTF"."TFSTAGING022_CURRENCY"                   0 KB       0 rows
. . exported "VTF"."TFSTAGING023"                            0 KB       0 rows
. . exported "VTF"."TFSTAGING024"                            0 KB       0 rows
. . exported "VTF"."TFSTAGING025"                            0 KB       0 rows
. . exported "VTF"."TFSTAGING026"                            0 KB       0 rows
. . exported "VTF"."TFSTAGING027_OPENADV"                    0 KB       0 rows
. . exported "VTF"."TFSTAGING027_OPENADV_ARC"            15.17 KB      34 rows
. . exported "VTF"."TFSTAGING027_OPENADV_EXC"                0 KB       0 rows
. . exported "VTF"."TFSTAGING901"                        15.08 KB       1 rows
. . exported "VTF"."TFSTAGING902"                        22.46 KB       1 rows
. . exported "VTF"."TFSTAGING904"                        18.07 KB       4 rows
. . exported "VTF"."TFSTAGING905"                        21.28 KB      33 rows
. . exported "VTF"."TFSTAGING907"                        284.0 KB    1266 rows
. . exported "VTF"."TFSTAGING910"                        318.8 KB     630 rows
. . exported "VTF"."TFSTAGING912"                        40.77 KB      53 rows
. . exported "VTF"."TFSTAGING913_INVOICE"                241.9 KB     615 rows
. . exported "VTF"."TFSTAGING913_INVOICE_AGING"          762.2 KB    3581 rows
. . exported "VTF"."TFSTAGING_EXPECTED_CLOSING"          10.92 KB      39 rows
. . exported "VTF"."TFSYSTEM003A"                        9.226 KB      32 rows
. . exported "VTF"."TFSYSTEM003B"                        243.9 KB    1899 rows
. . exported "VTF"."TFSYSTEM013"                         18.60 KB     214 rows
. . exported "VTF"."TFSYSTEM015"                         202.0 KB    2923 rows
. . exported "VTF"."TFSYSTEM018"                         7.171 KB      33 rows
. . exported "VTF"."TFSYSTEM022A"                        133.2 KB    3642 rows
. . exported "VTF"."TFSYSTEM025"                             0 KB       0 rows
. . exported "VTF"."TFSYSTEM026"                             0 KB       0 rows
. . exported "VTF"."TFSYSTEM030"                         7.710 KB      14 rows
. . exported "VTF"."TFSYSTEM033"                             0 KB       0 rows
. . exported "VTF"."TFSYSTEM035"                         7.453 KB       2 rows
. . exported "VTF"."TFSYSTEM036"                         10.39 KB      80 rows
. . exported "VTF"."TFSYSTEM051"                         20.19 KB       1 rows
. . exported "VTF"."TFSYSTEM053A"                        6.796 KB       9 rows
. . exported "VTF"."TFSYSTEM100_REPORTGEN_ENTITY"        10.60 KB      28 rows
. . exported "VTF"."TFSYSTEM901"                             0 KB       0 rows
. . exported "VTF"."TFSYSTEM901A"                        74.78 KB     145 rows
. . exported "VTF"."TFSYSTEM902"                             0 KB       0 rows
. . exported "VTF"."TFSYSTEM910"                         50.92 KB     203 rows
. . exported "VTF"."TFSYSTEM910_EXECEPTION"              23.10 KB      42 rows
. . exported "VTF"."TFSYSTEM911"                         46.14 KB     139 rows
. . exported "VTF"."TFSYSTEM911A"                        11.93 KB       2 rows
. . exported "VTF"."TFSYSTEM911T"                        15.21 KB       3 rows
. . exported "VTF"."TFSYSTEM911_EXECEPTION"              41.44 KB     116 rows
. . exported "VTF"."TFSYSTEM911_MULTI"                   22.68 KB      35 rows
. . exported "VTF"."TFSYSTEM912A"                        25.32 KB      55 rows
. . exported "VTF"."TFSYSTEM912_EXECEPTION"              856.5 KB    4010 rows
. . exported "VTF"."TFSYSTEM913"                         58.56 KB     236 rows
. . exported "VTF"."TFSYSTEM913T"                        26.70 KB      23 rows
. . exported "VTF"."TFSYSTEM913_EXECEPTION"              58.67 KB     236 rows
. . exported "VTF"."TFSYSTEM916"                         98.24 KB     292 rows
. . exported "VTF"."TFSYSTEM917"                         499.4 KB    3032 rows
. . exported "VTF"."TFSYSTEM917_EXECEPTION"              499.4 KB    3032 rows
. . exported "VTF"."TFSYSTEM918"                         453.7 KB    3498 rows
. . exported "VTF"."TFSYSTEM959"                         8.578 KB       6 rows
. . exported "VTF"."TFSYSTEM960"                         14.37 KB       3 rows
. . exported "VTF"."TFSYSTEM965"                         9.234 KB       3 rows
. . exported "VTF"."TFSYSTEM966"                         14.75 KB       5 rows
. . exported "VTF"."TFSYSTEM967"                         8.265 KB      15 rows
. . exported "VTF"."TFSYSTEM968"                         62.38 KB    1387 rows
. . exported "VTF"."TFSYSTEM968A"                        13.65 KB      88 rows
. . exported "VTF"."TFSYSTEM968B_DETAIL"                 7.875 KB      23 rows
. . exported "VTF"."TFSYSTEM969"                         15.04 KB      27 rows
. . exported "VTF"."TFSYSTEM990A"                        137.7 KB     433 rows
. . exported "VTF"."TFSYSTEM990A_ARCHIVE"                    0 KB       0 rows
. . exported "VTF"."TFSYSTEM990D"                            0 KB       0 rows
. . exported "VTF"."TFSYSTEM990E_LOANINT"                355.9 KB    2231 rows
. . exported "VTF"."TFSYSTEM990E_LOANINTP"                   0 KB       0 rows
. . exported "VTF"."TFSYSTEM990E_LOANTEMP"                   0 KB       0 rows
. . exported "VTF"."TFSYSTEM990E_PROVF"                  59.66 KB     197 rows
. . exported "VTF"."TFSYSTEM990E_PROVFC"                 14.29 KB      13 rows
. . exported "VTF"."TFSYSTEM990E_REPORT"                 48.87 KB     183 rows
. . exported "VTF"."TFSYSTEM990G"                            0 KB       0 rows
. . exported "VTF"."TFSYSTEM990I"                        16.31 KB      15 rows
. . exported "VTF"."TFSYSTEM990J"                        13.72 KB      10 rows
. . exported "VTF"."TFSYSTEM990_ARCHIVE"                     0 KB       0 rows
. . exported "VTF"."TFSYSTEM990_COVEREDAMOUNT"               0 KB       0 rows
. . exported "VTF"."TFSYSTEM990_DETAIL_ARCHIVE"              0 KB       0 rows
. . exported "VTF"."TFSYSTEM991"                             0 KB       0 rows
. . exported "VTF"."TFSYSTEM992"                         14.96 KB      19 rows
. . exported "VTF"."TFSYSTEM993"                         57.12 KB     280 rows
. . exported "VTF"."TFSYSTEM994A"                        41.66 KB     449 rows
. . exported "VTF"."TFSYSTEM995"                         81.47 KB     283 rows
. . exported "VTF"."TFSYSTEM997"                         14.71 KB      69 rows
. . exported "VTF"."TFSYSTEM997A"                        7.468 KB       3 rows
. . exported "VTF"."TFSYSTEM999A"                        6.835 KB       8 rows
. . exported "VTF"."TFSYSTEM999B"                        49.78 KB     429 rows
. . exported "VTF"."TFSYSTEM999C"                        6.218 KB       6 rows
. . exported "VTF"."TFSYSTEM999_1"                           0 KB       0 rows
. . exported "VTF"."TFTEMP015D"                              0 KB       0 rows
. . exported "VTF"."TFTEMPLIMITUTILIZATION"              27.88 KB     109 rows
. . exported "VTF"."TFTRAN007A"                          8.109 KB       7 rows
. . exported "VTF"."TFTRAN010B"                              0 KB       0 rows
. . exported "VTF"."TFTRAN010E"                              0 KB       0 rows
. . exported "VTF"."TFTRAN010F"                              0 KB       0 rows
. . exported "VTF"."TFTRAN011A"                              0 KB       0 rows
. . exported "VTF"."TFTRAN012"                               0 KB       0 rows
. . exported "VTF"."TFTRAN015A"                              0 KB       0 rows
. . exported "VTF"."TFTRAN015C"                              0 KB       0 rows
. . exported "VTF"."TFTRAN015F"                          10.89 KB      38 rows
. . exported "VTF"."TFTRAN015G_BUDGET_D"                 19.47 KB     133 rows
. . exported "VTF"."TFTRAN015H"                              0 KB       0 rows
. . exported "VTF"."TFTRAN015H_A"                            0 KB       0 rows
. . exported "VTF"."TFTRAN015H_B"                            0 KB       0 rows
. . exported "VTF"."TFTRAN023A"                          27.66 KB     423 rows
. . exported "VTF"."TFTRAN028E_SUB"                      8.414 KB       2 rows
. . exported "VTF"."TFTRAN040A"                              0 KB       0 rows
. . exported "VTF"."TFTRAN040B"                              0 KB       0 rows
. . exported "VTF"."TFTRAN041A"                              0 KB       0 rows
. . exported "VTF"."TFTRAN041C"                              0 KB       0 rows
. . exported "VTF"."TFTRAN042B"                          8.390 KB       2 rows
. . exported "VTF"."TFTRAN042C"                              0 KB       0 rows
. . exported "VTF"."TFTRAN042E"                          63.20 KB     678 rows
. . exported "VTF"."TFTRAN046A"                          11.71 KB       1 rows
. . exported "VTF"."TFTRAN048F"                          13.46 KB       4 rows
. . exported "VTF"."TFTRAN048F_AUT"                      6.546 KB       3 rows
. . exported "VTF"."TFTRAN051C"                          16.64 KB      25 rows
. . exported "VTF"."TFTRAN051E"                          8.656 KB       5 rows
. . exported "VTF"."TFTRAN051F"                          16.01 KB      28 rows
. . exported "VTF"."TFTRAN053C"                          9.140 KB      18 rows
. . exported "VTF"."TFTRAN053E"                          40.60 KB      22 rows
. . exported "VTF"."TFTRAN053E_INBOUND"                      0 KB       0 rows
. . exported "VTF"."TFTRAN053F"                          360.1 KB    2828 rows
. . exported "VTF"."TFTRAN053F_PROFILE"                  12.55 KB      37 rows
. . exported "VTF"."TFTRAN053H"                          8.125 KB      35 rows
. . exported "VTF"."TFTRAN053I"                          10.04 KB       4 rows
. . exported "VTF"."TFTRAN053K"                          9.179 KB      14 rows
. . exported "VTF"."TFTRAN053L"                          8.757 KB      10 rows
. . exported "VTF"."TFTRAN053M_PAYMENT"                      0 KB       0 rows
. . exported "VTF"."TFTRAN053M_PAYMENT_ARCHIVE"              0 KB       0 rows
. . exported "VTF"."TFTRAN053M_PAYMENT_C"                    0 KB       0 rows
. . exported "VTF"."TFTRAN053M_RECEIPT"                      0 KB       0 rows
. . exported "VTF"."TFTRAN053M_RECEIPT_ARCHIVE"              0 KB       0 rows
. . exported "VTF"."TFTRAN053M_RECEIPT_C"                    0 KB       0 rows
. . exported "VTF"."TFTRAN053M_RECEIVE_ARCHIVE"              0 KB       0 rows
. . exported "VTF"."TFTRAN053M_RECEIVE_C_ARCHIVE"            0 KB       0 rows
. . exported "VTF"."TFTRAN053N"                          7.125 KB       4 rows
. . exported "VTF"."TFTRAN053_POSTINGKEY"                13.57 KB     142 rows
. . exported "VTF"."TFTRAN057_ADV"                           0 KB       0 rows
. . exported "VTF"."TFTRAN057_ADVOPENCUST"               5.671 KB       5 rows
. . exported "VTF"."TFTRAN071A"                              0 KB       0 rows
. . exported "VTF"."TFTRAN071C"                              0 KB       0 rows
. . exported "VTF"."TFTRAN078"                               0 KB       0 rows
. . exported "VTF"."TFTRAN081B"                              0 KB       0 rows
. . exported "VTF"."TFTRAN081E"                          40.88 KB     441 rows
. . exported "VTF"."TFTRAN085A"                              0 KB       0 rows
. . exported "VTF"."TFTRAN093A"                          6.054 KB       6 rows
. . exported "VTF"."TFTRAN110A"                              0 KB       0 rows
. . exported "VTF"."TFTRAN120A"                          9.257 KB       7 rows
. . exported "VTF"."TFTRAN120BB"                             0 KB       0 rows
. . exported "VTF"."TFTRAN121C"                          38.27 KB     241 rows
. . exported "VTF"."TFTRAN121F"                          14.03 KB       8 rows
. . exported "VTF"."TFTRAN121G"                          12.35 KB       2 rows
. . exported "VTF"."TFTRAN153A"                              0 KB       0 rows
. . exported "VTF"."TFTRAN155"                               0 KB       0 rows
. . exported "VTF"."TFTRAN157B"                          546.6 KB    1666 rows
. . exported "VTF"."TFTRAN158B"                          11.41 KB      17 rows
. . exported "VTF"."TFTRAN160"                               0 KB       0 rows
. . exported "VTF"."TFTRAN84"                                0 KB       0 rows
. . exported "VTF"."TFTRAN84B_FUNDSTAT"                      0 KB       0 rows
. . exported "VTF"."TRAN003_BKP"                         380.0 KB    2702 rows
. . exported "VTF"."TRSTAGING_BCDATA"                    23.24 KB      13 rows
. . exported "VTF"."TRSTAGING_BGDATA"                    63.06 KB      69 rows
. . exported "VTF"."TRSTAGING_BGDATA1"                   355.0 KB     856 rows
. . exported "VTF"."TRSTAGING_DOMLC"                         0 KB       0 rows
. . exported "VTF"."TRSTAGING_IMPORTBILL"                22.67 KB      28 rows
. . exported "VTF"."TRSTAGING_IMPORTCAD"                 24.97 KB      32 rows
. . exported "VTF"."TRSTAGING_IMPORTLC"                  33.17 KB       8 rows
. . exported "VTF"."TRSTAGING_IMPORTLC1"                 126.3 KB     277 rows
. . exported "VTF"."TRSTAGING_IMPOTBILL_IMP"                 0 KB       0 rows
. . exported "VTF"."TRSTAGING_INVOICES"                      0 KB       0 rows
. . exported "VTF"."TRSTAGING_INVOICESIMP"                   0 KB       0 rows
. . exported "VTF"."TRSTAGING_LCBILL"                    128.7 KB     552 rows
. . exported "VTF"."TRSTAGING_LOANCLOSURE"               52.26 KB     110 rows
. . exported "VTF"."TRSTAGING_LOANCLOSURE_TLPC"          87.42 KB     270 rows
. . exported "VTF"."TRSTAGING_LOANCLOSURE_VBD"           29.17 KB      44 rows
. . exported "VTF"."TRSTAGING_OPENPO"                        0 KB       0 rows
. . exported "VTF"."TRSTAGING_OPENPO_IMP"                    0 KB       0 rows
. . exported "VTF"."TRSTAGING_PBDDATA"                   32.66 KB      59 rows
. . exported "VTF"."TRSTAGING_PBDINVOICE"                51.54 KB     340 rows
. . exported "VTF"."TRSTAGING_PCDATA"                    22.03 KB      10 rows
. . exported "VTF"."TRSTAGING_SCDATA"                    68.88 KB     135 rows
. . exported "VTF"."TRSTAGING_TLAPP"                     30.75 KB      27 rows
. . exported "VTF"."TRSYSTEM923"                         6.023 KB      15 rows
. . exported "VTF"."TRTRAN111_DETAIL"                        0 KB       0 rows
. . exported "VTF"."TSTFMIG_BC"                              0 KB       0 rows
. . exported "VTF"."TSTFMIG_BG"                              0 KB       0 rows
. . exported "VTF"."TSTFMIG_BGINWARD"                        0 KB       0 rows
. . exported "VTF"."TSTFMIG_BILLACCEPTANCE"                  0 KB       0 rows
. . exported "VTF"."TSTFMIG_BUYERSCREDIT"                    0 KB       0 rows
. . exported "VTF"."TSTFMIG_EXPORTADVANCE"                   0 KB       0 rows
. . exported "VTF"."TSTFMIG_EXPORTLC"                        0 KB       0 rows
. . exported "VTF"."TSTFMIG_FIXEDDEPOSIT"                    0 KB       0 rows
. . exported "VTF"."TSTFMIG_FORWARDCANCEL"                   0 KB       0 rows
. . exported "VTF"."TSTFMIG_FORWARDS"                        0 KB       0 rows
. . exported "VTF"."TSTFMIG_IMPORTADVANCE"                   0 KB       0 rows
. . exported "VTF"."TSTFMIG_IMPORTAMENDMENT"                 0 KB       0 rows
. . exported "VTF"."TSTFMIG_IMPORTLC"                        0 KB       0 rows
. . exported "VTF"."TSTFMIG_INBOUND"                         0 KB       0 rows
. . exported "VTF"."TSTFMIG_OPTIONS"                         0 KB       0 rows
. . exported "VTF"."TSTFMIG_OPTIONSCANCELLATION"             0 KB       0 rows
. . exported "VTF"."TSTFMIG_PBD"                             0 KB       0 rows
. . exported "VTF"."TSTFMIG_PC"                              0 KB       0 rows
. . exported "VTF"."TSTFMIG_PSCFC"                           0 KB       0 rows
. . exported "VTF"."TSTFMIG_PSL"                             0 KB       0 rows
. . exported "VTF"."VENDOR_OPEN_IN12"                        0 KB       0 rows
. . exported "VTF"."VIRAJUSA"                                0 KB       0 rows
. . exported "VTF"."XXPLY_AP_INV_INTERFACE_TL"           50.82 KB      87 rows
. . exported "VTF"."XXPLY_GL_JOUNAL_STG_TLM"             26.14 KB      22 rows
. . exported "VTF"."TFTRAN015E"                          17.92 KB      52 rows
. . exported "VTF"."BCRM_MEIS"                               0 KB       0 rows
. . exported "VTF"."BCRM_MEIS1"                              0 KB       0 rows
. . exported "VTF"."DATAASPOSE"                              0 KB       0 rows
. . exported "VTF"."TFSTAGING019_LC_ARC"                     0 KB       0 rows
. . exported "VTF"."TFSTAGING019_LC_EXC"                     0 KB       0 rows
. . exported "VTF"."TFSTAGING021_PROFITCENTER_ARC"           0 KB       0 rows
. . exported "VTF"."TFSTAGING021_PROFITCENTER_EXC"           0 KB       0 rows
. . exported "VTF"."TFSTAGING022_CURRENCY_ARC"               0 KB       0 rows
. . exported "VTF"."TFSTAGING022_CURRENCY_EXC"               0 KB       0 rows
. . exported "VTF"."TFSTAGING023_GL"                         0 KB       0 rows
. . exported "VTF"."TFSTAGING023_GL_ARC"                     0 KB       0 rows
. . exported "VTF"."TFSTAGING023_GL_EXC"                     0 KB       0 rows
. . exported "VTF"."TFTRAN028D"                              0 KB       0 rows
. . exported "VTF"."TFTRAN028E"                              0 KB       0 rows
. . exported "VTF"."TFTRAN053B"                              0 KB       0 rows
. . exported "VTF"."TFTRAN093"                               0 KB       0 rows
Master table "VTF"."SYS_EXPORT_SCHEMA_02" successfully loaded/unloaded
******************************************************************************
Dump file set for VTF.SYS_EXPORT_SCHEMA_02 is:
  E:\APP\ADMINISTRATOR1\ADMIN\ORCL\DPDUMP\VTF040422.DMP
Job "VTF"."SYS_EXPORT_SCHEMA_02" successfully completed at Mon Apr 4 17:57:51 2022 elapsed 0 00:07:48
